<?xml version="1.0" encoding="UTF-8"?>
<!-- Generated by org.testng.reporters.JUnitXMLReporter -->
<testsuite ignored="0" hostname="DESKTOP-H0PI4DT" failures="1" tests="3" name="ChromeTest" time="36.147" errors="0" timestamp="2022-09-15T13:09:30 IST">
  <testcase classname="crssoBrowserTesting.NOPLogin" name="login" time="5.54"/>
  <testcase classname="crssoBrowserTesting.NOPLogin" name="logout" time="1.675"/>
  <testcase classname="crssoBrowserTesting.NOPLogin" name="verifyAppTitle" time="3.032">
    <failure type="java.lang.AssertionError" message="expected [true] but found [false]">
      <![CDATA[java.lang.AssertionError: expected [true] but found [false]
at crssoBrowserTesting.NOPLogin.verifyAppTitle(NOPLogin.java:37)
at java.base/java.util.ArrayList.forEach(ArrayList.java:1511)
at java.base/java.util.concurrent.FutureTask.run(FutureTask.java:264)
at java.base/java.util.concurrent.ThreadPoolExecutor.runWorker(ThreadPoolExecutor.java:1130)
at java.base/java.util.concurrent.ThreadPoolExecutor$Worker.run(ThreadPoolExecutor.java:630)
at java.base/java.lang.Thread.run(Thread.java:831)
... Removed 21 stack frames]]>
    </failure>
  </testcase> <!-- verifyAppTitle -->
</testsuite> <!-- ChromeTest -->
